<?xml version="1.0" encoding="UTF-8"?>
<!-- Generated by org.testng.reporters.JUnitXMLReporter -->
<testsuite hostname="DESKTOP-S1O2178" ignored="4" name="Default test" tests="1" failures="0" timestamp="05 Mar 2019 16:26:46 GMT" time="42.959" errors="0">
  <testcase name="TC_003_checkoutTest" time="28.81" classname="com.ha.testcases.WebTest"/>
  <testcase name="TC_001_signUpTest" time="0.0" classname="com.ha.testcases.WebTest">
    <ignored/>
  </testcase> <!-- TC_001_signUpTest -->
  <testcase name="TC_004_checkoutThenloginTest" time="0.0" classname="com.ha.testcases.WebTest">
    <ignored/>
  </testcase> <!-- TC_004_checkoutThenloginTest -->
  <testcase name="TC_002_logInTest" time="0.0" classname="com.ha.testcases.WebTest">
    <ignored/>
  </testcase> <!-- TC_002_logInTest -->
  <testcase name="TC_005_checkoutThenRegisterTest" time="0.0" classname="com.ha.testcases.WebTest">
    <ignored/>
  </testcase> <!-- TC_005_checkoutThenRegisterTest -->
</testsuite> <!-- Default test -->
